CRITICAL - 2020-12-10 14:48:53 --> syntax error, unexpected ':'
#0 C:\xampp\htdocs\HalconesDeLosOfertones\system\Router\Router.php(195): CodeIgniter\Router\Router->autoRoute('AdminUsuarioR/i...')
#1 C:\xampp\htdocs\HalconesDeLosOfertones\system\CodeIgniter.php(793): CodeIgniter\Router\Router->handle('AdminUsuarioR/i...')
#2 C:\xampp\htdocs\HalconesDeLosOfertones\system\CodeIgniter.php(364): CodeIgniter\CodeIgniter->tryToRouteIt(Object(CodeIgniter\Router\RouteCollection))
#3 C:\xampp\htdocs\HalconesDeLosOfertones\system\CodeIgniter.php(312): CodeIgniter\CodeIgniter->handleRequest(NULL, Object(Config\Cache), false)
#4 C:\xampp\htdocs\HalconesDeLosOfertones\index.php(45): CodeIgniter\CodeIgniter->run()
#5 {main}
CRITICAL - 2020-12-10 16:12:37 --> Invalid argument supplied for foreach()
#0 C:\xampp\htdocs\HalconesDeLosOfertones\app\Views\tabla.php(14): CodeIgniter\Debug\Exceptions->errorHandler(2, 'Invalid argumen...', 'C:\\xampp\\htdocs...', 14, Array)
#1 C:\xampp\htdocs\HalconesDeLosOfertones\system\View\View.php(246): include('C:\\xampp\\htdocs...')
#2 C:\xampp\htdocs\HalconesDeLosOfertones\system\Common.php(1119): CodeIgniter\View\View->render('tabla', Array, true)
#3 C:\xampp\htdocs\HalconesDeLosOfertones\app\Controllers\AdminUsuarioR.php(18): view('tabla', Array)
#4 C:\xampp\htdocs\HalconesDeLosOfertones\system\CodeIgniter.php(918): App\Controllers\AdminUsuarioR->index()
#5 C:\xampp\htdocs\HalconesDeLosOfertones\system\CodeIgniter.php(404): CodeIgniter\CodeIgniter->runController(Object(App\Controllers\AdminUsuarioR))
#6 C:\xampp\htdocs\HalconesDeLosOfertones\system\CodeIgniter.php(312): CodeIgniter\CodeIgniter->handleRequest(NULL, Object(Config\Cache), false)
#7 C:\xampp\htdocs\HalconesDeLosOfertones\index.php(45): CodeIgniter\CodeIgniter->run()
#8 {main}
CRITICAL - 2020-12-10 16:13:02 --> Invalid argument supplied for foreach()
#0 C:\xampp\htdocs\HalconesDeLosOfertones\app\Views\tabla.php(14): CodeIgniter\Debug\Exceptions->errorHandler(2, 'Invalid argumen...', 'C:\\xampp\\htdocs...', 14, Array)
#1 C:\xampp\htdocs\HalconesDeLosOfertones\system\View\View.php(246): include('C:\\xampp\\htdocs...')
#2 C:\xampp\htdocs\HalconesDeLosOfertones\system\Common.php(1119): CodeIgniter\View\View->render('tabla', Array, true)
#3 C:\xampp\htdocs\HalconesDeLosOfertones\app\Controllers\AdminUsuarioR.php(18): view('tabla', Array)
#4 C:\xampp\htdocs\HalconesDeLosOfertones\system\CodeIgniter.php(918): App\Controllers\AdminUsuarioR->index()
#5 C:\xampp\htdocs\HalconesDeLosOfertones\system\CodeIgniter.php(404): CodeIgniter\CodeIgniter->runController(Object(App\Controllers\AdminUsuarioR))
#6 C:\xampp\htdocs\HalconesDeLosOfertones\system\CodeIgniter.php(312): CodeIgniter\CodeIgniter->handleRequest(NULL, Object(Config\Cache), false)
#7 C:\xampp\htdocs\HalconesDeLosOfertones\index.php(45): CodeIgniter\CodeIgniter->run()
#8 {main}
CRITICAL - 2020-12-10 16:14:07 --> Invalid argument supplied for foreach()
#0 C:\xampp\htdocs\HalconesDeLosOfertones\app\Views\tabla.php(14): CodeIgniter\Debug\Exceptions->errorHandler(2, 'Invalid argumen...', 'C:\\xampp\\htdocs...', 14, Array)
#1 C:\xampp\htdocs\HalconesDeLosOfertones\system\View\View.php(246): include('C:\\xampp\\htdocs...')
#2 C:\xampp\htdocs\HalconesDeLosOfertones\system\Common.php(1119): CodeIgniter\View\View->render('tabla', Array, true)
#3 C:\xampp\htdocs\HalconesDeLosOfertones\app\Controllers\AdminUsuarioR.php(18): view('tabla', Array)
#4 C:\xampp\htdocs\HalconesDeLosOfertones\system\CodeIgniter.php(918): App\Controllers\AdminUsuarioR->index()
#5 C:\xampp\htdocs\HalconesDeLosOfertones\system\CodeIgniter.php(404): CodeIgniter\CodeIgniter->runController(Object(App\Controllers\AdminUsuarioR))
#6 C:\xampp\htdocs\HalconesDeLosOfertones\system\CodeIgniter.php(312): CodeIgniter\CodeIgniter->handleRequest(NULL, Object(Config\Cache), false)
#7 C:\xampp\htdocs\HalconesDeLosOfertones\index.php(45): CodeIgniter\CodeIgniter->run()
#8 {main}
CRITICAL - 2020-12-10 16:14:56 --> Invalid argument supplied for foreach()
#0 C:\xampp\htdocs\HalconesDeLosOfertones\app\Views\tabla.php(14): CodeIgniter\Debug\Exceptions->errorHandler(2, 'Invalid argumen...', 'C:\\xampp\\htdocs...', 14, Array)
#1 C:\xampp\htdocs\HalconesDeLosOfertones\system\View\View.php(246): include('C:\\xampp\\htdocs...')
#2 C:\xampp\htdocs\HalconesDeLosOfertones\system\Common.php(1119): CodeIgniter\View\View->render('tabla', Array, true)
#3 C:\xampp\htdocs\HalconesDeLosOfertones\app\Controllers\AdminUsuarioR.php(18): view('tabla', Array)
#4 C:\xampp\htdocs\HalconesDeLosOfertones\system\CodeIgniter.php(918): App\Controllers\AdminUsuarioR->index()
#5 C:\xampp\htdocs\HalconesDeLosOfertones\system\CodeIgniter.php(404): CodeIgniter\CodeIgniter->runController(Object(App\Controllers\AdminUsuarioR))
#6 C:\xampp\htdocs\HalconesDeLosOfertones\system\CodeIgniter.php(312): CodeIgniter\CodeIgniter->handleRequest(NULL, Object(Config\Cache), false)
#7 C:\xampp\htdocs\HalconesDeLosOfertones\index.php(45): CodeIgniter\CodeIgniter->run()
#8 {main}
CRITICAL - 2020-12-10 16:16:17 --> syntax error, unexpected '$variableIndiceD' (T_VARIABLE), expecting '('
#0 C:\xampp\htdocs\HalconesDeLosOfertones\system\Router\Router.php(195): CodeIgniter\Router\Router->autoRoute('AdminUsuarioR/i...')
#1 C:\xampp\htdocs\HalconesDeLosOfertones\system\CodeIgniter.php(793): CodeIgniter\Router\Router->handle('AdminUsuarioR/i...')
#2 C:\xampp\htdocs\HalconesDeLosOfertones\system\CodeIgniter.php(364): CodeIgniter\CodeIgniter->tryToRouteIt(Object(CodeIgniter\Router\RouteCollection))
#3 C:\xampp\htdocs\HalconesDeLosOfertones\system\CodeIgniter.php(312): CodeIgniter\CodeIgniter->handleRequest(NULL, Object(Config\Cache), false)
#4 C:\xampp\htdocs\HalconesDeLosOfertones\index.php(45): CodeIgniter\CodeIgniter->run()
#5 {main}
CRITICAL - 2020-12-10 16:16:27 --> syntax error, unexpected '$variableIndiceD' (T_VARIABLE), expecting '('
#0 C:\xampp\htdocs\HalconesDeLosOfertones\system\Router\Router.php(195): CodeIgniter\Router\Router->autoRoute('AdminUsuarioR/i...')
#1 C:\xampp\htdocs\HalconesDeLosOfertones\system\CodeIgniter.php(793): CodeIgniter\Router\Router->handle('AdminUsuarioR/i...')
#2 C:\xampp\htdocs\HalconesDeLosOfertones\system\CodeIgniter.php(364): CodeIgniter\CodeIgniter->tryToRouteIt(Object(CodeIgniter\Router\RouteCollection))
#3 C:\xampp\htdocs\HalconesDeLosOfertones\system\CodeIgniter.php(312): CodeIgniter\CodeIgniter->handleRequest(NULL, Object(Config\Cache), false)
#4 C:\xampp\htdocs\HalconesDeLosOfertones\index.php(45): CodeIgniter\CodeIgniter->run()
#5 {main}
CRITICAL - 2020-12-10 16:19:49 --> Invalid argument supplied for foreach()
#0 C:\xampp\htdocs\HalconesDeLosOfertones\app\Views\tabla.php(14): CodeIgniter\Debug\Exceptions->errorHandler(2, 'Invalid argumen...', 'C:\\xampp\\htdocs...', 14, Array)
#1 C:\xampp\htdocs\HalconesDeLosOfertones\system\View\View.php(246): include('C:\\xampp\\htdocs...')
#2 C:\xampp\htdocs\HalconesDeLosOfertones\system\Common.php(1119): CodeIgniter\View\View->render('tabla', Array, true)
#3 C:\xampp\htdocs\HalconesDeLosOfertones\app\Controllers\AdminUsuarioR.php(18): view('tabla', Array)
#4 C:\xampp\htdocs\HalconesDeLosOfertones\system\CodeIgniter.php(918): App\Controllers\AdminUsuarioR->index()
#5 C:\xampp\htdocs\HalconesDeLosOfertones\system\CodeIgniter.php(404): CodeIgniter\CodeIgniter->runController(Object(App\Controllers\AdminUsuarioR))
#6 C:\xampp\htdocs\HalconesDeLosOfertones\system\CodeIgniter.php(312): CodeIgniter\CodeIgniter->handleRequest(NULL, Object(Config\Cache), false)
#7 C:\xampp\htdocs\HalconesDeLosOfertones\index.php(45): CodeIgniter\CodeIgniter->run()
#8 {main}
CRITICAL - 2020-12-10 16:20:10 --> Invalid argument supplied for foreach()
#0 C:\xampp\htdocs\HalconesDeLosOfertones\app\Views\tabla.php(14): CodeIgniter\Debug\Exceptions->errorHandler(2, 'Invalid argumen...', 'C:\\xampp\\htdocs...', 14, Array)
#1 C:\xampp\htdocs\HalconesDeLosOfertones\system\View\View.php(246): include('C:\\xampp\\htdocs...')
#2 C:\xampp\htdocs\HalconesDeLosOfertones\system\Common.php(1119): CodeIgniter\View\View->render('tabla', Array, true)
#3 C:\xampp\htdocs\HalconesDeLosOfertones\app\Controllers\AdminUsuarioR.php(18): view('tabla', Array)
#4 C:\xampp\htdocs\HalconesDeLosOfertones\system\CodeIgniter.php(918): App\Controllers\AdminUsuarioR->index()
#5 C:\xampp\htdocs\HalconesDeLosOfertones\system\CodeIgniter.php(404): CodeIgniter\CodeIgniter->runController(Object(App\Controllers\AdminUsuarioR))
#6 C:\xampp\htdocs\HalconesDeLosOfertones\system\CodeIgniter.php(312): CodeIgniter\CodeIgniter->handleRequest(NULL, Object(Config\Cache), false)
#7 C:\xampp\htdocs\HalconesDeLosOfertones\index.php(45): CodeIgniter\CodeIgniter->run()
#8 {main}
CRITICAL - 2020-12-10 16:24:41 --> Constant expression contains invalid operations
#0 [internal function]: CodeIgniter\Debug\Exceptions->shutdownHandler()
#1 {main}
CRITICAL - 2020-12-10 16:26:47 --> Constant expression contains invalid operations
#0 [internal function]: CodeIgniter\Debug\Exceptions->shutdownHandler()
#1 {main}
CRITICAL - 2020-12-10 16:26:55 --> syntax error, unexpected '$config' (T_VARIABLE), expecting function (T_FUNCTION) or const (T_CONST)
#0 C:\xampp\htdocs\HalconesDeLosOfertones\system\Router\Router.php(195): CodeIgniter\Router\Router->autoRoute('AdminUsuarioR/i...')
#1 C:\xampp\htdocs\HalconesDeLosOfertones\system\CodeIgniter.php(793): CodeIgniter\Router\Router->handle('AdminUsuarioR/i...')
#2 C:\xampp\htdocs\HalconesDeLosOfertones\system\CodeIgniter.php(364): CodeIgniter\CodeIgniter->tryToRouteIt(Object(CodeIgniter\Router\RouteCollection))
#3 C:\xampp\htdocs\HalconesDeLosOfertones\system\CodeIgniter.php(312): CodeIgniter\CodeIgniter->handleRequest(NULL, Object(Config\Cache), false)
#4 C:\xampp\htdocs\HalconesDeLosOfertones\index.php(45): CodeIgniter\CodeIgniter->run()
#5 {main}
CRITICAL - 2020-12-10 16:27:03 --> syntax error, unexpected '$config' (T_VARIABLE), expecting function (T_FUNCTION) or const (T_CONST)
#0 C:\xampp\htdocs\HalconesDeLosOfertones\system\Router\Router.php(195): CodeIgniter\Router\Router->autoRoute('AdminUsuarioR/i...')
#1 C:\xampp\htdocs\HalconesDeLosOfertones\system\CodeIgniter.php(793): CodeIgniter\Router\Router->handle('AdminUsuarioR/i...')
#2 C:\xampp\htdocs\HalconesDeLosOfertones\system\CodeIgniter.php(364): CodeIgniter\CodeIgniter->tryToRouteIt(Object(CodeIgniter\Router\RouteCollection))
#3 C:\xampp\htdocs\HalconesDeLosOfertones\system\CodeIgniter.php(312): CodeIgniter\CodeIgniter->handleRequest(NULL, Object(Config\Cache), false)
#4 C:\xampp\htdocs\HalconesDeLosOfertones\index.php(45): CodeIgniter\CodeIgniter->run()
#5 {main}
CRITICAL - 2020-12-10 16:30:46 --> syntax error, unexpected 'extends' (T_EXTENDS), expecting '('
#0 C:\xampp\htdocs\HalconesDeLosOfertones\system\Router\Router.php(195): CodeIgniter\Router\Router->autoRoute('AdminUsuarioR/i...')
#1 C:\xampp\htdocs\HalconesDeLosOfertones\system\CodeIgniter.php(793): CodeIgniter\Router\Router->handle('AdminUsuarioR/i...')
#2 C:\xampp\htdocs\HalconesDeLosOfertones\system\CodeIgniter.php(364): CodeIgniter\CodeIgniter->tryToRouteIt(Object(CodeIgniter\Router\RouteCollection))
#3 C:\xampp\htdocs\HalconesDeLosOfertones\system\CodeIgniter.php(312): CodeIgniter\CodeIgniter->handleRequest(NULL, Object(Config\Cache), false)
#4 C:\xampp\htdocs\HalconesDeLosOfertones\index.php(45): CodeIgniter\CodeIgniter->run()
#5 {main}
CRITICAL - 2020-12-10 16:32:18 --> syntax error, unexpected 'extends' (T_EXTENDS), expecting '('
#0 C:\xampp\htdocs\HalconesDeLosOfertones\system\Router\Router.php(195): CodeIgniter\Router\Router->autoRoute('AdminUsuarioR/i...')
#1 C:\xampp\htdocs\HalconesDeLosOfertones\system\CodeIgniter.php(793): CodeIgniter\Router\Router->handle('AdminUsuarioR/i...')
#2 C:\xampp\htdocs\HalconesDeLosOfertones\system\CodeIgniter.php(364): CodeIgniter\CodeIgniter->tryToRouteIt(Object(CodeIgniter\Router\RouteCollection))
#3 C:\xampp\htdocs\HalconesDeLosOfertones\system\CodeIgniter.php(312): CodeIgniter\CodeIgniter->handleRequest(NULL, Object(Config\Cache), false)
#4 C:\xampp\htdocs\HalconesDeLosOfertones\index.php(45): CodeIgniter\CodeIgniter->run()
#5 {main}
CRITICAL - 2020-12-10 16:36:28 --> syntax error, unexpected '{', expecting '('
#0 C:\xampp\htdocs\HalconesDeLosOfertones\system\Router\Router.php(195): CodeIgniter\Router\Router->autoRoute('AdminUsuarioR/i...')
#1 C:\xampp\htdocs\HalconesDeLosOfertones\system\CodeIgniter.php(793): CodeIgniter\Router\Router->handle('AdminUsuarioR/i...')
#2 C:\xampp\htdocs\HalconesDeLosOfertones\system\CodeIgniter.php(364): CodeIgniter\CodeIgniter->tryToRouteIt(Object(CodeIgniter\Router\RouteCollection))
#3 C:\xampp\htdocs\HalconesDeLosOfertones\system\CodeIgniter.php(312): CodeIgniter\CodeIgniter->handleRequest(NULL, Object(Config\Cache), false)
#4 C:\xampp\htdocs\HalconesDeLosOfertones\index.php(45): CodeIgniter\CodeIgniter->run()
#5 {main}
CRITICAL - 2020-12-10 16:36:40 --> syntax error, unexpected '{', expecting '('
#0 C:\xampp\htdocs\HalconesDeLosOfertones\system\Router\Router.php(195): CodeIgniter\Router\Router->autoRoute('AdminUsuarioR/i...')
#1 C:\xampp\htdocs\HalconesDeLosOfertones\system\CodeIgniter.php(793): CodeIgniter\Router\Router->handle('AdminUsuarioR/i...')
#2 C:\xampp\htdocs\HalconesDeLosOfertones\system\CodeIgniter.php(364): CodeIgniter\CodeIgniter->tryToRouteIt(Object(CodeIgniter\Router\RouteCollection))
#3 C:\xampp\htdocs\HalconesDeLosOfertones\system\CodeIgniter.php(312): CodeIgniter\CodeIgniter->handleRequest(NULL, Object(Config\Cache), false)
#4 C:\xampp\htdocs\HalconesDeLosOfertones\index.php(45): CodeIgniter\CodeIgniter->run()
#5 {main}
CRITICAL - 2020-12-10 16:37:20 --> syntax error, unexpected '{', expecting '('
#0 C:\xampp\htdocs\HalconesDeLosOfertones\system\Router\Router.php(195): CodeIgniter\Router\Router->autoRoute('AdminUsuarioR/i...')
#1 C:\xampp\htdocs\HalconesDeLosOfertones\system\CodeIgniter.php(793): CodeIgniter\Router\Router->handle('AdminUsuarioR/i...')
#2 C:\xampp\htdocs\HalconesDeLosOfertones\system\CodeIgniter.php(364): CodeIgniter\CodeIgniter->tryToRouteIt(Object(CodeIgniter\Router\RouteCollection))
#3 C:\xampp\htdocs\HalconesDeLosOfertones\system\CodeIgniter.php(312): CodeIgniter\CodeIgniter->handleRequest(NULL, Object(Config\Cache), false)
#4 C:\xampp\htdocs\HalconesDeLosOfertones\index.php(45): CodeIgniter\CodeIgniter->run()
#5 {main}
CRITICAL - 2020-12-10 16:43:30 --> syntax error, unexpected '.'
#0 C:\xampp\htdocs\HalconesDeLosOfertones\system\Router\Router.php(195): CodeIgniter\Router\Router->autoRoute('AdminUsuarioR/i...')
#1 C:\xampp\htdocs\HalconesDeLosOfertones\system\CodeIgniter.php(793): CodeIgniter\Router\Router->handle('AdminUsuarioR/i...')
#2 C:\xampp\htdocs\HalconesDeLosOfertones\system\CodeIgniter.php(364): CodeIgniter\CodeIgniter->tryToRouteIt(Object(CodeIgniter\Router\RouteCollection))
#3 C:\xampp\htdocs\HalconesDeLosOfertones\system\CodeIgniter.php(312): CodeIgniter\CodeIgniter->handleRequest(NULL, Object(Config\Cache), false)
#4 C:\xampp\htdocs\HalconesDeLosOfertones\index.php(45): CodeIgniter\CodeIgniter->run()
#5 {main}
CRITICAL - 2020-12-10 17:07:28 --> Call to undefined function App\Controllers\sacarU()
#0 C:\xampp\htdocs\HalconesDeLosOfertones\system\CodeIgniter.php(918): App\Controllers\AdminUsuarioR->index()
#1 C:\xampp\htdocs\HalconesDeLosOfertones\system\CodeIgniter.php(404): CodeIgniter\CodeIgniter->runController(Object(App\Controllers\AdminUsuarioR))
#2 C:\xampp\htdocs\HalconesDeLosOfertones\system\CodeIgniter.php(312): CodeIgniter\CodeIgniter->handleRequest(NULL, Object(Config\Cache), false)
#3 C:\xampp\htdocs\HalconesDeLosOfertones\index.php(45): CodeIgniter\CodeIgniter->run()
#4 {main}
CRITICAL - 2020-12-10 17:08:43 --> syntax error, unexpected ',', expecting ';'
#0 C:\xampp\htdocs\HalconesDeLosOfertones\system\Router\Router.php(195): CodeIgniter\Router\Router->autoRoute('AdminUsuarioR/i...')
#1 C:\xampp\htdocs\HalconesDeLosOfertones\system\CodeIgniter.php(793): CodeIgniter\Router\Router->handle('AdminUsuarioR/i...')
#2 C:\xampp\htdocs\HalconesDeLosOfertones\system\CodeIgniter.php(364): CodeIgniter\CodeIgniter->tryToRouteIt(Object(CodeIgniter\Router\RouteCollection))
#3 C:\xampp\htdocs\HalconesDeLosOfertones\system\CodeIgniter.php(312): CodeIgniter\CodeIgniter->handleRequest(NULL, Object(Config\Cache), false)
#4 C:\xampp\htdocs\HalconesDeLosOfertones\index.php(45): CodeIgniter\CodeIgniter->run()
#5 {main}
CRITICAL - 2020-12-10 17:08:49 --> syntax error, unexpected ',', expecting ';'
#0 C:\xampp\htdocs\HalconesDeLosOfertones\system\Router\Router.php(195): CodeIgniter\Router\Router->autoRoute('AdminUsuarioR/s...')
#1 C:\xampp\htdocs\HalconesDeLosOfertones\system\CodeIgniter.php(793): CodeIgniter\Router\Router->handle('AdminUsuarioR/s...')
#2 C:\xampp\htdocs\HalconesDeLosOfertones\system\CodeIgniter.php(364): CodeIgniter\CodeIgniter->tryToRouteIt(Object(CodeIgniter\Router\RouteCollection))
#3 C:\xampp\htdocs\HalconesDeLosOfertones\system\CodeIgniter.php(312): CodeIgniter\CodeIgniter->handleRequest(NULL, Object(Config\Cache), false)
#4 C:\xampp\htdocs\HalconesDeLosOfertones\index.php(45): CodeIgniter\CodeIgniter->run()
#5 {main}
CRITICAL - 2020-12-10 17:08:57 --> syntax error, unexpected ',', expecting ';'
#0 C:\xampp\htdocs\HalconesDeLosOfertones\system\Router\Router.php(195): CodeIgniter\Router\Router->autoRoute('AdminUsuarioR/s...')
#1 C:\xampp\htdocs\HalconesDeLosOfertones\system\CodeIgniter.php(793): CodeIgniter\Router\Router->handle('AdminUsuarioR/s...')
#2 C:\xampp\htdocs\HalconesDeLosOfertones\system\CodeIgniter.php(364): CodeIgniter\CodeIgniter->tryToRouteIt(Object(CodeIgniter\Router\RouteCollection))
#3 C:\xampp\htdocs\HalconesDeLosOfertones\system\CodeIgniter.php(312): CodeIgniter\CodeIgniter->handleRequest(NULL, Object(Config\Cache), false)
#4 C:\xampp\htdocs\HalconesDeLosOfertones\index.php(45): CodeIgniter\CodeIgniter->run()
#5 {main}
CRITICAL - 2020-12-10 17:12:43 --> syntax error, unexpected ',', expecting ';'
#0 C:\xampp\htdocs\HalconesDeLosOfertones\system\Router\Router.php(195): CodeIgniter\Router\Router->autoRoute('AdminUsuarioR/s...')
#1 C:\xampp\htdocs\HalconesDeLosOfertones\system\CodeIgniter.php(793): CodeIgniter\Router\Router->handle('AdminUsuarioR/s...')
#2 C:\xampp\htdocs\HalconesDeLosOfertones\system\CodeIgniter.php(364): CodeIgniter\CodeIgniter->tryToRouteIt(Object(CodeIgniter\Router\RouteCollection))
#3 C:\xampp\htdocs\HalconesDeLosOfertones\system\CodeIgniter.php(312): CodeIgniter\CodeIgniter->handleRequest(NULL, Object(Config\Cache), false)
#4 C:\xampp\htdocs\HalconesDeLosOfertones\index.php(45): CodeIgniter\CodeIgniter->run()
#5 {main}
CRITICAL - 2020-12-10 17:15:43 --> Argument 2 passed to view() must be of the type array, null given, called in C:\xampp\htdocs\HalconesDeLosOfertones\app\Controllers\AdminUsuarioR.php on line 13
#0 C:\xampp\htdocs\HalconesDeLosOfertones\app\Controllers\AdminUsuarioR.php(13): view('tabla', NULL)
#1 C:\xampp\htdocs\HalconesDeLosOfertones\system\CodeIgniter.php(918): App\Controllers\AdminUsuarioR->sacarU()
#2 C:\xampp\htdocs\HalconesDeLosOfertones\system\CodeIgniter.php(404): CodeIgniter\CodeIgniter->runController(Object(App\Controllers\AdminUsuarioR))
#3 C:\xampp\htdocs\HalconesDeLosOfertones\system\CodeIgniter.php(312): CodeIgniter\CodeIgniter->handleRequest(NULL, Object(Config\Cache), false)
#4 C:\xampp\htdocs\HalconesDeLosOfertones\index.php(45): CodeIgniter\CodeIgniter->run()
#5 {main}
CRITICAL - 2020-12-10 17:17:06 --> Call to undefined function App\Controllers\sacarU()
#0 C:\xampp\htdocs\HalconesDeLosOfertones\system\CodeIgniter.php(918): App\Controllers\AdminUsuarioR->sacarU()
#1 C:\xampp\htdocs\HalconesDeLosOfertones\system\CodeIgniter.php(404): CodeIgniter\CodeIgniter->runController(Object(App\Controllers\AdminUsuarioR))
#2 C:\xampp\htdocs\HalconesDeLosOfertones\system\CodeIgniter.php(312): CodeIgniter\CodeIgniter->handleRequest(NULL, Object(Config\Cache), false)
#3 C:\xampp\htdocs\HalconesDeLosOfertones\index.php(45): CodeIgniter\CodeIgniter->run()
#4 {main}
CRITICAL - 2020-12-10 17:17:22 --> syntax error, unexpected 'return' (T_RETURN)
#0 C:\xampp\htdocs\HalconesDeLosOfertones\system\Router\Router.php(195): CodeIgniter\Router\Router->autoRoute('AdminUsuarioR/s...')
#1 C:\xampp\htdocs\HalconesDeLosOfertones\system\CodeIgniter.php(793): CodeIgniter\Router\Router->handle('AdminUsuarioR/s...')
#2 C:\xampp\htdocs\HalconesDeLosOfertones\system\CodeIgniter.php(364): CodeIgniter\CodeIgniter->tryToRouteIt(Object(CodeIgniter\Router\RouteCollection))
#3 C:\xampp\htdocs\HalconesDeLosOfertones\system\CodeIgniter.php(312): CodeIgniter\CodeIgniter->handleRequest(NULL, Object(Config\Cache), false)
#4 C:\xampp\htdocs\HalconesDeLosOfertones\index.php(45): CodeIgniter\CodeIgniter->run()
#5 {main}
CRITICAL - 2020-12-10 18:29:30 --> Invalid argument supplied for foreach()
#0 C:\xampp\htdocs\HalconesDeLosOfertones\app\Views\navUr.php(14): CodeIgniter\Debug\Exceptions->errorHandler(2, 'Invalid argumen...', 'C:\\xampp\\htdocs...', 14, Array)
#1 C:\xampp\htdocs\HalconesDeLosOfertones\system\View\View.php(246): include('C:\\xampp\\htdocs...')
#2 C:\xampp\htdocs\HalconesDeLosOfertones\system\Common.php(1119): CodeIgniter\View\View->render('navUr', Array, true)
#3 C:\xampp\htdocs\HalconesDeLosOfertones\app\Controllers\AdminUsuarioR.php(56): view('navUr')
#4 C:\xampp\htdocs\HalconesDeLosOfertones\system\CodeIgniter.php(918): App\Controllers\AdminUsuarioR->compartir()
#5 C:\xampp\htdocs\HalconesDeLosOfertones\system\CodeIgniter.php(404): CodeIgniter\CodeIgniter->runController(Object(App\Controllers\AdminUsuarioR))
#6 C:\xampp\htdocs\HalconesDeLosOfertones\system\CodeIgniter.php(312): CodeIgniter\CodeIgniter->handleRequest(NULL, Object(Config\Cache), false)
#7 C:\xampp\htdocs\HalconesDeLosOfertones\index.php(45): CodeIgniter\CodeIgniter->run()
#8 {main}
CRITICAL - 2020-12-10 18:29:36 --> Invalid argument supplied for foreach()
#0 C:\xampp\htdocs\HalconesDeLosOfertones\app\Views\navUr.php(14): CodeIgniter\Debug\Exceptions->errorHandler(2, 'Invalid argumen...', 'C:\\xampp\\htdocs...', 14, Array)
#1 C:\xampp\htdocs\HalconesDeLosOfertones\system\View\View.php(246): include('C:\\xampp\\htdocs...')
#2 C:\xampp\htdocs\HalconesDeLosOfertones\system\Common.php(1119): CodeIgniter\View\View->render('navUr', Array, true)
#3 C:\xampp\htdocs\HalconesDeLosOfertones\app\Controllers\AdminUsuarioR.php(18): view('navUr')
#4 C:\xampp\htdocs\HalconesDeLosOfertones\system\CodeIgniter.php(918): App\Controllers\AdminUsuarioR->index()
#5 C:\xampp\htdocs\HalconesDeLosOfertones\system\CodeIgniter.php(404): CodeIgniter\CodeIgniter->runController(Object(App\Controllers\AdminUsuarioR))
#6 C:\xampp\htdocs\HalconesDeLosOfertones\system\CodeIgniter.php(312): CodeIgniter\CodeIgniter->handleRequest(NULL, Object(Config\Cache), false)
#7 C:\xampp\htdocs\HalconesDeLosOfertones\index.php(45): CodeIgniter\CodeIgniter->run()
#8 {main}
CRITICAL - 2020-12-10 18:30:26 --> Invalid argument supplied for foreach()
#0 C:\xampp\htdocs\HalconesDeLosOfertones\app\Views\navUr.php(14): CodeIgniter\Debug\Exceptions->errorHandler(2, 'Invalid argumen...', 'C:\\xampp\\htdocs...', 14, Array)
#1 C:\xampp\htdocs\HalconesDeLosOfertones\system\View\View.php(246): include('C:\\xampp\\htdocs...')
#2 C:\xampp\htdocs\HalconesDeLosOfertones\system\Common.php(1119): CodeIgniter\View\View->render('navUr', Array, true)
#3 C:\xampp\htdocs\HalconesDeLosOfertones\app\Controllers\AdminUsuarioR.php(18): view('navUr')
#4 C:\xampp\htdocs\HalconesDeLosOfertones\system\CodeIgniter.php(918): App\Controllers\AdminUsuarioR->index()
#5 C:\xampp\htdocs\HalconesDeLosOfertones\system\CodeIgniter.php(404): CodeIgniter\CodeIgniter->runController(Object(App\Controllers\AdminUsuarioR))
#6 C:\xampp\htdocs\HalconesDeLosOfertones\system\CodeIgniter.php(312): CodeIgniter\CodeIgniter->handleRequest(NULL, Object(Config\Cache), false)
#7 C:\xampp\htdocs\HalconesDeLosOfertones\index.php(45): CodeIgniter\CodeIgniter->run()
#8 {main}
CRITICAL - 2020-12-10 18:30:39 --> Invalid argument supplied for foreach()
#0 C:\xampp\htdocs\HalconesDeLosOfertones\app\Views\navUr.php(14): CodeIgniter\Debug\Exceptions->errorHandler(2, 'Invalid argumen...', 'C:\\xampp\\htdocs...', 14, Array)
#1 C:\xampp\htdocs\HalconesDeLosOfertones\system\View\View.php(246): include('C:\\xampp\\htdocs...')
#2 C:\xampp\htdocs\HalconesDeLosOfertones\system\Common.php(1119): CodeIgniter\View\View->render('navUr', Array, true)
#3 C:\xampp\htdocs\HalconesDeLosOfertones\app\Controllers\AdminUsuarioR.php(18): view('navUr')
#4 C:\xampp\htdocs\HalconesDeLosOfertones\system\CodeIgniter.php(918): App\Controllers\AdminUsuarioR->index()
#5 C:\xampp\htdocs\HalconesDeLosOfertones\system\CodeIgniter.php(404): CodeIgniter\CodeIgniter->runController(Object(App\Controllers\AdminUsuarioR))
#6 C:\xampp\htdocs\HalconesDeLosOfertones\system\CodeIgniter.php(312): CodeIgniter\CodeIgniter->handleRequest(NULL, Object(Config\Cache), false)
#7 C:\xampp\htdocs\HalconesDeLosOfertones\index.php(45): CodeIgniter\CodeIgniter->run()
#8 {main}
CRITICAL - 2020-12-10 19:11:36 --> syntax error, unexpected '{', expecting '('
#0 C:\xampp\htdocs\HalconesDeLosOfertones\system\Router\Router.php(195): CodeIgniter\Router\Router->autoRoute('AdminUsuarioA/n...')
#1 C:\xampp\htdocs\HalconesDeLosOfertones\system\CodeIgniter.php(793): CodeIgniter\Router\Router->handle('AdminUsuarioA/n...')
#2 C:\xampp\htdocs\HalconesDeLosOfertones\system\CodeIgniter.php(364): CodeIgniter\CodeIgniter->tryToRouteIt(Object(CodeIgniter\Router\RouteCollection))
#3 C:\xampp\htdocs\HalconesDeLosOfertones\system\CodeIgniter.php(312): CodeIgniter\CodeIgniter->handleRequest(NULL, Object(Config\Cache), false)
#4 C:\xampp\htdocs\HalconesDeLosOfertones\index.php(45): CodeIgniter\CodeIgniter->run()
#5 {main}
CRITICAL - 2020-12-10 19:11:46 --> syntax error, unexpected '{', expecting '('
#0 C:\xampp\htdocs\HalconesDeLosOfertones\system\Router\Router.php(195): CodeIgniter\Router\Router->autoRoute('AdminUsuarioA/n...')
#1 C:\xampp\htdocs\HalconesDeLosOfertones\system\CodeIgniter.php(793): CodeIgniter\Router\Router->handle('AdminUsuarioA/n...')
#2 C:\xampp\htdocs\HalconesDeLosOfertones\system\CodeIgniter.php(364): CodeIgniter\CodeIgniter->tryToRouteIt(Object(CodeIgniter\Router\RouteCollection))
#3 C:\xampp\htdocs\HalconesDeLosOfertones\system\CodeIgniter.php(312): CodeIgniter\CodeIgniter->handleRequest(NULL, Object(Config\Cache), false)
#4 C:\xampp\htdocs\HalconesDeLosOfertones\index.php(45): CodeIgniter\CodeIgniter->run()
#5 {main}
CRITICAL - 2020-12-10 19:12:38 --> syntax error, unexpected '{', expecting '('
#0 C:\xampp\htdocs\HalconesDeLosOfertones\system\Router\Router.php(195): CodeIgniter\Router\Router->autoRoute('AdminUsuarioA/n...')
#1 C:\xampp\htdocs\HalconesDeLosOfertones\system\CodeIgniter.php(793): CodeIgniter\Router\Router->handle('AdminUsuarioA/n...')
#2 C:\xampp\htdocs\HalconesDeLosOfertones\system\CodeIgniter.php(364): CodeIgniter\CodeIgniter->tryToRouteIt(Object(CodeIgniter\Router\RouteCollection))
#3 C:\xampp\htdocs\HalconesDeLosOfertones\system\CodeIgniter.php(312): CodeIgniter\CodeIgniter->handleRequest(NULL, Object(Config\Cache), false)
#4 C:\xampp\htdocs\HalconesDeLosOfertones\index.php(45): CodeIgniter\CodeIgniter->run()
#5 {main}
CRITICAL - 2020-12-10 19:12:39 --> syntax error, unexpected '{', expecting '('
#0 C:\xampp\htdocs\HalconesDeLosOfertones\system\Router\Router.php(195): CodeIgniter\Router\Router->autoRoute('AdminUsuarioA/i...')
#1 C:\xampp\htdocs\HalconesDeLosOfertones\system\CodeIgniter.php(793): CodeIgniter\Router\Router->handle('AdminUsuarioA/i...')
#2 C:\xampp\htdocs\HalconesDeLosOfertones\system\CodeIgniter.php(364): CodeIgniter\CodeIgniter->tryToRouteIt(Object(CodeIgniter\Router\RouteCollection))
#3 C:\xampp\htdocs\HalconesDeLosOfertones\system\CodeIgniter.php(312): CodeIgniter\CodeIgniter->handleRequest(NULL, Object(Config\Cache), false)
#4 C:\xampp\htdocs\HalconesDeLosOfertones\index.php(45): CodeIgniter\CodeIgniter->run()
#5 {main}
CRITICAL - 2020-12-10 19:12:40 --> syntax error, unexpected '{', expecting '('
#0 C:\xampp\htdocs\HalconesDeLosOfertones\system\Router\Router.php(195): CodeIgniter\Router\Router->autoRoute('AdminUsuarioA/i...')
#1 C:\xampp\htdocs\HalconesDeLosOfertones\system\CodeIgniter.php(793): CodeIgniter\Router\Router->handle('AdminUsuarioA/i...')
#2 C:\xampp\htdocs\HalconesDeLosOfertones\system\CodeIgniter.php(364): CodeIgniter\CodeIgniter->tryToRouteIt(Object(CodeIgniter\Router\RouteCollection))
#3 C:\xampp\htdocs\HalconesDeLosOfertones\system\CodeIgniter.php(312): CodeIgniter\CodeIgniter->handleRequest(NULL, Object(Config\Cache), false)
#4 C:\xampp\htdocs\HalconesDeLosOfertones\index.php(45): CodeIgniter\CodeIgniter->run()
#5 {main}
CRITICAL - 2020-12-10 19:12:50 --> syntax error, unexpected '{', expecting '('
#0 C:\xampp\htdocs\HalconesDeLosOfertones\system\Router\Router.php(195): CodeIgniter\Router\Router->autoRoute('AdminUsuarioA/i...')
#1 C:\xampp\htdocs\HalconesDeLosOfertones\system\CodeIgniter.php(793): CodeIgniter\Router\Router->handle('AdminUsuarioA/i...')
#2 C:\xampp\htdocs\HalconesDeLosOfertones\system\CodeIgniter.php(364): CodeIgniter\CodeIgniter->tryToRouteIt(Object(CodeIgniter\Router\RouteCollection))
#3 C:\xampp\htdocs\HalconesDeLosOfertones\system\CodeIgniter.php(312): CodeIgniter\CodeIgniter->handleRequest(NULL, Object(Config\Cache), false)
#4 C:\xampp\htdocs\HalconesDeLosOfertones\index.php(45): CodeIgniter\CodeIgniter->run()
#5 {main}
CRITICAL - 2020-12-10 19:12:50 --> syntax error, unexpected '{', expecting '('
#0 C:\xampp\htdocs\HalconesDeLosOfertones\system\Router\Router.php(195): CodeIgniter\Router\Router->autoRoute('AdminUsuarioA/i...')
#1 C:\xampp\htdocs\HalconesDeLosOfertones\system\CodeIgniter.php(793): CodeIgniter\Router\Router->handle('AdminUsuarioA/i...')
#2 C:\xampp\htdocs\HalconesDeLosOfertones\system\CodeIgniter.php(364): CodeIgniter\CodeIgniter->tryToRouteIt(Object(CodeIgniter\Router\RouteCollection))
#3 C:\xampp\htdocs\HalconesDeLosOfertones\system\CodeIgniter.php(312): CodeIgniter\CodeIgniter->handleRequest(NULL, Object(Config\Cache), false)
#4 C:\xampp\htdocs\HalconesDeLosOfertones\index.php(45): CodeIgniter\CodeIgniter->run()
#5 {main}
CRITICAL - 2020-12-10 19:12:50 --> syntax error, unexpected '{', expecting '('
#0 C:\xampp\htdocs\HalconesDeLosOfertones\system\Router\Router.php(195): CodeIgniter\Router\Router->autoRoute('AdminUsuarioA/i...')
#1 C:\xampp\htdocs\HalconesDeLosOfertones\system\CodeIgniter.php(793): CodeIgniter\Router\Router->handle('AdminUsuarioA/i...')
#2 C:\xampp\htdocs\HalconesDeLosOfertones\system\CodeIgniter.php(364): CodeIgniter\CodeIgniter->tryToRouteIt(Object(CodeIgniter\Router\RouteCollection))
#3 C:\xampp\htdocs\HalconesDeLosOfertones\system\CodeIgniter.php(312): CodeIgniter\CodeIgniter->handleRequest(NULL, Object(Config\Cache), false)
#4 C:\xampp\htdocs\HalconesDeLosOfertones\index.php(45): CodeIgniter\CodeIgniter->run()
#5 {main}
CRITICAL - 2020-12-10 19:12:54 --> syntax error, unexpected '{', expecting '('
#0 C:\xampp\htdocs\HalconesDeLosOfertones\system\Router\Router.php(195): CodeIgniter\Router\Router->autoRoute('AdminUsuarioA/i...')
#1 C:\xampp\htdocs\HalconesDeLosOfertones\system\CodeIgniter.php(793): CodeIgniter\Router\Router->handle('AdminUsuarioA/i...')
#2 C:\xampp\htdocs\HalconesDeLosOfertones\system\CodeIgniter.php(364): CodeIgniter\CodeIgniter->tryToRouteIt(Object(CodeIgniter\Router\RouteCollection))
#3 C:\xampp\htdocs\HalconesDeLosOfertones\system\CodeIgniter.php(312): CodeIgniter\CodeIgniter->handleRequest(NULL, Object(Config\Cache), false)
#4 C:\xampp\htdocs\HalconesDeLosOfertones\index.php(45): CodeIgniter\CodeIgniter->run()
#5 {main}
CRITICAL - 2020-12-10 19:30:39 --> Invalid argument supplied for foreach()
#0 C:\xampp\htdocs\HalconesDeLosOfertones\app\Views\vistaCupones.php(17): CodeIgniter\Debug\Exceptions->errorHandler(2, 'Invalid argumen...', 'C:\\xampp\\htdocs...', 17, Array)
#1 C:\xampp\htdocs\HalconesDeLosOfertones\system\View\View.php(246): include('C:\\xampp\\htdocs...')
#2 C:\xampp\htdocs\HalconesDeLosOfertones\system\Common.php(1119): CodeIgniter\View\View->render('vistaCupones', Array, true)
#3 C:\xampp\htdocs\HalconesDeLosOfertones\app\Controllers\AdminUsuarioA.php(245): view('vistaCupones', Array)
#4 C:\xampp\htdocs\HalconesDeLosOfertones\system\CodeIgniter.php(918): App\Controllers\AdminUsuarioA->consultaGComentarios()
#5 C:\xampp\htdocs\HalconesDeLosOfertones\system\CodeIgniter.php(404): CodeIgniter\CodeIgniter->runController(Object(App\Controllers\AdminUsuarioA))
#6 C:\xampp\htdocs\HalconesDeLosOfertones\system\CodeIgniter.php(312): CodeIgniter\CodeIgniter->handleRequest(NULL, Object(Config\Cache), false)
#7 C:\xampp\htdocs\HalconesDeLosOfertones\index.php(45): CodeIgniter\CodeIgniter->run()
#8 {main}
CRITICAL - 2020-12-10 19:30:41 --> Invalid argument supplied for foreach()
#0 C:\xampp\htdocs\HalconesDeLosOfertones\app\Views\vistaCupones.php(17): CodeIgniter\Debug\Exceptions->errorHandler(2, 'Invalid argumen...', 'C:\\xampp\\htdocs...', 17, Array)
#1 C:\xampp\htdocs\HalconesDeLosOfertones\system\View\View.php(246): include('C:\\xampp\\htdocs...')
#2 C:\xampp\htdocs\HalconesDeLosOfertones\system\Common.php(1119): CodeIgniter\View\View->render('vistaCupones', Array, true)
#3 C:\xampp\htdocs\HalconesDeLosOfertones\app\Controllers\AdminUsuarioA.php(245): view('vistaCupones', Array)
#4 C:\xampp\htdocs\HalconesDeLosOfertones\system\CodeIgniter.php(918): App\Controllers\AdminUsuarioA->consultaGComentarios()
#5 C:\xampp\htdocs\HalconesDeLosOfertones\system\CodeIgniter.php(404): CodeIgniter\CodeIgniter->runController(Object(App\Controllers\AdminUsuarioA))
#6 C:\xampp\htdocs\HalconesDeLosOfertones\system\CodeIgniter.php(312): CodeIgniter\CodeIgniter->handleRequest(NULL, Object(Config\Cache), false)
#7 C:\xampp\htdocs\HalconesDeLosOfertones\index.php(45): CodeIgniter\CodeIgniter->run()
#8 {main}
CRITICAL - 2020-12-10 19:30:41 --> Invalid argument supplied for foreach()
#0 C:\xampp\htdocs\HalconesDeLosOfertones\app\Views\vistaCupones.php(17): CodeIgniter\Debug\Exceptions->errorHandler(2, 'Invalid argumen...', 'C:\\xampp\\htdocs...', 17, Array)
#1 C:\xampp\htdocs\HalconesDeLosOfertones\system\View\View.php(246): include('C:\\xampp\\htdocs...')
#2 C:\xampp\htdocs\HalconesDeLosOfertones\system\Common.php(1119): CodeIgniter\View\View->render('vistaCupones', Array, true)
#3 C:\xampp\htdocs\HalconesDeLosOfertones\app\Controllers\AdminUsuarioA.php(245): view('vistaCupones', Array)
#4 C:\xampp\htdocs\HalconesDeLosOfertones\system\CodeIgniter.php(918): App\Controllers\AdminUsuarioA->consultaGComentarios()
#5 C:\xampp\htdocs\HalconesDeLosOfertones\system\CodeIgniter.php(404): CodeIgniter\CodeIgniter->runController(Object(App\Controllers\AdminUsuarioA))
#6 C:\xampp\htdocs\HalconesDeLosOfertones\system\CodeIgniter.php(312): CodeIgniter\CodeIgniter->handleRequest(NULL, Object(Config\Cache), false)
#7 C:\xampp\htdocs\HalconesDeLosOfertones\index.php(45): CodeIgniter\CodeIgniter->run()
#8 {main}
CRITICAL - 2020-12-10 19:30:41 --> Invalid argument supplied for foreach()
#0 C:\xampp\htdocs\HalconesDeLosOfertones\app\Views\vistaCupones.php(17): CodeIgniter\Debug\Exceptions->errorHandler(2, 'Invalid argumen...', 'C:\\xampp\\htdocs...', 17, Array)
#1 C:\xampp\htdocs\HalconesDeLosOfertones\system\View\View.php(246): include('C:\\xampp\\htdocs...')
#2 C:\xampp\htdocs\HalconesDeLosOfertones\system\Common.php(1119): CodeIgniter\View\View->render('vistaCupones', Array, true)
#3 C:\xampp\htdocs\HalconesDeLosOfertones\app\Controllers\AdminUsuarioA.php(245): view('vistaCupones', Array)
#4 C:\xampp\htdocs\HalconesDeLosOfertones\system\CodeIgniter.php(918): App\Controllers\AdminUsuarioA->consultaGComentarios()
#5 C:\xampp\htdocs\HalconesDeLosOfertones\system\CodeIgniter.php(404): CodeIgniter\CodeIgniter->runController(Object(App\Controllers\AdminUsuarioA))
#6 C:\xampp\htdocs\HalconesDeLosOfertones\system\CodeIgniter.php(312): CodeIgniter\CodeIgniter->handleRequest(NULL, Object(Config\Cache), false)
#7 C:\xampp\htdocs\HalconesDeLosOfertones\index.php(45): CodeIgniter\CodeIgniter->run()
#8 {main}
CRITICAL - 2020-12-10 19:30:52 --> Invalid argument supplied for foreach()
#0 C:\xampp\htdocs\HalconesDeLosOfertones\app\Views\vistaCupones.php(17): CodeIgniter\Debug\Exceptions->errorHandler(2, 'Invalid argumen...', 'C:\\xampp\\htdocs...', 17, Array)
#1 C:\xampp\htdocs\HalconesDeLosOfertones\system\View\View.php(246): include('C:\\xampp\\htdocs...')
#2 C:\xampp\htdocs\HalconesDeLosOfertones\system\Common.php(1119): CodeIgniter\View\View->render('vistaCupones', Array, true)
#3 C:\xampp\htdocs\HalconesDeLosOfertones\app\Controllers\AdminUsuarioA.php(245): view('vistaCupones', Array)
#4 C:\xampp\htdocs\HalconesDeLosOfertones\system\CodeIgniter.php(918): App\Controllers\AdminUsuarioA->consultaGComentarios()
#5 C:\xampp\htdocs\HalconesDeLosOfertones\system\CodeIgniter.php(404): CodeIgniter\CodeIgniter->runController(Object(App\Controllers\AdminUsuarioA))
#6 C:\xampp\htdocs\HalconesDeLosOfertones\system\CodeIgniter.php(312): CodeIgniter\CodeIgniter->handleRequest(NULL, Object(Config\Cache), false)
#7 C:\xampp\htdocs\HalconesDeLosOfertones\index.php(45): CodeIgniter\CodeIgniter->run()
#8 {main}
CRITICAL - 2020-12-10 19:31:33 --> Invalid argument supplied for foreach()
#0 C:\xampp\htdocs\HalconesDeLosOfertones\app\Views\vistaCupones.php(17): CodeIgniter\Debug\Exceptions->errorHandler(2, 'Invalid argumen...', 'C:\\xampp\\htdocs...', 17, Array)
#1 C:\xampp\htdocs\HalconesDeLosOfertones\system\View\View.php(246): include('C:\\xampp\\htdocs...')
#2 C:\xampp\htdocs\HalconesDeLosOfertones\system\Common.php(1119): CodeIgniter\View\View->render('vistaCupones', Array, true)
#3 C:\xampp\htdocs\HalconesDeLosOfertones\app\Controllers\AdminUsuarioA.php(246): view('vistaCupones', Array)
#4 C:\xampp\htdocs\HalconesDeLosOfertones\system\CodeIgniter.php(918): App\Controllers\AdminUsuarioA->consultaGComentarios()
#5 C:\xampp\htdocs\HalconesDeLosOfertones\system\CodeIgniter.php(404): CodeIgniter\CodeIgniter->runController(Object(App\Controllers\AdminUsuarioA))
#6 C:\xampp\htdocs\HalconesDeLosOfertones\system\CodeIgniter.php(312): CodeIgniter\CodeIgniter->handleRequest(NULL, Object(Config\Cache), false)
#7 C:\xampp\htdocs\HalconesDeLosOfertones\index.php(45): CodeIgniter\CodeIgniter->run()
#8 {main}
CRITICAL - 2020-12-10 19:31:34 --> Invalid argument supplied for foreach()
#0 C:\xampp\htdocs\HalconesDeLosOfertones\app\Views\vistaCupones.php(17): CodeIgniter\Debug\Exceptions->errorHandler(2, 'Invalid argumen...', 'C:\\xampp\\htdocs...', 17, Array)
#1 C:\xampp\htdocs\HalconesDeLosOfertones\system\View\View.php(246): include('C:\\xampp\\htdocs...')
#2 C:\xampp\htdocs\HalconesDeLosOfertones\system\Common.php(1119): CodeIgniter\View\View->render('vistaCupones', Array, true)
#3 C:\xampp\htdocs\HalconesDeLosOfertones\app\Controllers\AdminUsuarioA.php(246): view('vistaCupones', Array)
#4 C:\xampp\htdocs\HalconesDeLosOfertones\system\CodeIgniter.php(918): App\Controllers\AdminUsuarioA->consultaGComentarios()
#5 C:\xampp\htdocs\HalconesDeLosOfertones\system\CodeIgniter.php(404): CodeIgniter\CodeIgniter->runController(Object(App\Controllers\AdminUsuarioA))
#6 C:\xampp\htdocs\HalconesDeLosOfertones\system\CodeIgniter.php(312): CodeIgniter\CodeIgniter->handleRequest(NULL, Object(Config\Cache), false)
#7 C:\xampp\htdocs\HalconesDeLosOfertones\index.php(45): CodeIgniter\CodeIgniter->run()
#8 {main}
CRITICAL - 2020-12-10 19:31:35 --> Invalid argument supplied for foreach()
#0 C:\xampp\htdocs\HalconesDeLosOfertones\app\Views\vistaCupones.php(17): CodeIgniter\Debug\Exceptions->errorHandler(2, 'Invalid argumen...', 'C:\\xampp\\htdocs...', 17, Array)
#1 C:\xampp\htdocs\HalconesDeLosOfertones\system\View\View.php(246): include('C:\\xampp\\htdocs...')
#2 C:\xampp\htdocs\HalconesDeLosOfertones\system\Common.php(1119): CodeIgniter\View\View->render('vistaCupones', Array, true)
#3 C:\xampp\htdocs\HalconesDeLosOfertones\app\Controllers\AdminUsuarioA.php(246): view('vistaCupones', Array)
#4 C:\xampp\htdocs\HalconesDeLosOfertones\system\CodeIgniter.php(918): App\Controllers\AdminUsuarioA->consultaGComentarios()
#5 C:\xampp\htdocs\HalconesDeLosOfertones\system\CodeIgniter.php(404): CodeIgniter\CodeIgniter->runController(Object(App\Controllers\AdminUsuarioA))
#6 C:\xampp\htdocs\HalconesDeLosOfertones\system\CodeIgniter.php(312): CodeIgniter\CodeIgniter->handleRequest(NULL, Object(Config\Cache), false)
#7 C:\xampp\htdocs\HalconesDeLosOfertones\index.php(45): CodeIgniter\CodeIgniter->run()
#8 {main}
CRITICAL - 2020-12-10 19:31:35 --> Invalid argument supplied for foreach()
#0 C:\xampp\htdocs\HalconesDeLosOfertones\app\Views\vistaCupones.php(17): CodeIgniter\Debug\Exceptions->errorHandler(2, 'Invalid argumen...', 'C:\\xampp\\htdocs...', 17, Array)
#1 C:\xampp\htdocs\HalconesDeLosOfertones\system\View\View.php(246): include('C:\\xampp\\htdocs...')
#2 C:\xampp\htdocs\HalconesDeLosOfertones\system\Common.php(1119): CodeIgniter\View\View->render('vistaCupones', Array, true)
#3 C:\xampp\htdocs\HalconesDeLosOfertones\app\Controllers\AdminUsuarioA.php(246): view('vistaCupones', Array)
#4 C:\xampp\htdocs\HalconesDeLosOfertones\system\CodeIgniter.php(918): App\Controllers\AdminUsuarioA->consultaGComentarios()
#5 C:\xampp\htdocs\HalconesDeLosOfertones\system\CodeIgniter.php(404): CodeIgniter\CodeIgniter->runController(Object(App\Controllers\AdminUsuarioA))
#6 C:\xampp\htdocs\HalconesDeLosOfertones\system\CodeIgniter.php(312): CodeIgniter\CodeIgniter->handleRequest(NULL, Object(Config\Cache), false)
#7 C:\xampp\htdocs\HalconesDeLosOfertones\index.php(45): CodeIgniter\CodeIgniter->run()
#8 {main}
CRITICAL - 2020-12-10 19:31:35 --> Invalid argument supplied for foreach()
#0 C:\xampp\htdocs\HalconesDeLosOfertones\app\Views\vistaCupones.php(17): CodeIgniter\Debug\Exceptions->errorHandler(2, 'Invalid argumen...', 'C:\\xampp\\htdocs...', 17, Array)
#1 C:\xampp\htdocs\HalconesDeLosOfertones\system\View\View.php(246): include('C:\\xampp\\htdocs...')
#2 C:\xampp\htdocs\HalconesDeLosOfertones\system\Common.php(1119): CodeIgniter\View\View->render('vistaCupones', Array, true)
#3 C:\xampp\htdocs\HalconesDeLosOfertones\app\Controllers\AdminUsuarioA.php(246): view('vistaCupones', Array)
#4 C:\xampp\htdocs\HalconesDeLosOfertones\system\CodeIgniter.php(918): App\Controllers\AdminUsuarioA->consultaGComentarios()
#5 C:\xampp\htdocs\HalconesDeLosOfertones\system\CodeIgniter.php(404): CodeIgniter\CodeIgniter->runController(Object(App\Controllers\AdminUsuarioA))
#6 C:\xampp\htdocs\HalconesDeLosOfertones\system\CodeIgniter.php(312): CodeIgniter\CodeIgniter->handleRequest(NULL, Object(Config\Cache), false)
#7 C:\xampp\htdocs\HalconesDeLosOfertones\index.php(45): CodeIgniter\CodeIgniter->run()
#8 {main}
CRITICAL - 2020-12-10 19:31:35 --> Invalid argument supplied for foreach()
#0 C:\xampp\htdocs\HalconesDeLosOfertones\app\Views\vistaCupones.php(17): CodeIgniter\Debug\Exceptions->errorHandler(2, 'Invalid argumen...', 'C:\\xampp\\htdocs...', 17, Array)
#1 C:\xampp\htdocs\HalconesDeLosOfertones\system\View\View.php(246): include('C:\\xampp\\htdocs...')
#2 C:\xampp\htdocs\HalconesDeLosOfertones\system\Common.php(1119): CodeIgniter\View\View->render('vistaCupones', Array, true)
#3 C:\xampp\htdocs\HalconesDeLosOfertones\app\Controllers\AdminUsuarioA.php(246): view('vistaCupones', Array)
#4 C:\xampp\htdocs\HalconesDeLosOfertones\system\CodeIgniter.php(918): App\Controllers\AdminUsuarioA->consultaGComentarios()
#5 C:\xampp\htdocs\HalconesDeLosOfertones\system\CodeIgniter.php(404): CodeIgniter\CodeIgniter->runController(Object(App\Controllers\AdminUsuarioA))
#6 C:\xampp\htdocs\HalconesDeLosOfertones\system\CodeIgniter.php(312): CodeIgniter\CodeIgniter->handleRequest(NULL, Object(Config\Cache), false)
#7 C:\xampp\htdocs\HalconesDeLosOfertones\index.php(45): CodeIgniter\CodeIgniter->run()
#8 {main}
CRITICAL - 2020-12-10 19:31:35 --> Invalid argument supplied for foreach()
#0 C:\xampp\htdocs\HalconesDeLosOfertones\app\Views\vistaCupones.php(17): CodeIgniter\Debug\Exceptions->errorHandler(2, 'Invalid argumen...', 'C:\\xampp\\htdocs...', 17, Array)
#1 C:\xampp\htdocs\HalconesDeLosOfertones\system\View\View.php(246): include('C:\\xampp\\htdocs...')
#2 C:\xampp\htdocs\HalconesDeLosOfertones\system\Common.php(1119): CodeIgniter\View\View->render('vistaCupones', Array, true)
#3 C:\xampp\htdocs\HalconesDeLosOfertones\app\Controllers\AdminUsuarioA.php(246): view('vistaCupones', Array)
#4 C:\xampp\htdocs\HalconesDeLosOfertones\system\CodeIgniter.php(918): App\Controllers\AdminUsuarioA->consultaGComentarios()
#5 C:\xampp\htdocs\HalconesDeLosOfertones\system\CodeIgniter.php(404): CodeIgniter\CodeIgniter->runController(Object(App\Controllers\AdminUsuarioA))
#6 C:\xampp\htdocs\HalconesDeLosOfertones\system\CodeIgniter.php(312): CodeIgniter\CodeIgniter->handleRequest(NULL, Object(Config\Cache), false)
#7 C:\xampp\htdocs\HalconesDeLosOfertones\index.php(45): CodeIgniter\CodeIgniter->run()
#8 {main}
CRITICAL - 2020-12-10 19:31:35 --> Invalid argument supplied for foreach()
#0 C:\xampp\htdocs\HalconesDeLosOfertones\app\Views\vistaCupones.php(17): CodeIgniter\Debug\Exceptions->errorHandler(2, 'Invalid argumen...', 'C:\\xampp\\htdocs...', 17, Array)
#1 C:\xampp\htdocs\HalconesDeLosOfertones\system\View\View.php(246): include('C:\\xampp\\htdocs...')
#2 C:\xampp\htdocs\HalconesDeLosOfertones\system\Common.php(1119): CodeIgniter\View\View->render('vistaCupones', Array, true)
#3 C:\xampp\htdocs\HalconesDeLosOfertones\app\Controllers\AdminUsuarioA.php(246): view('vistaCupones', Array)
#4 C:\xampp\htdocs\HalconesDeLosOfertones\system\CodeIgniter.php(918): App\Controllers\AdminUsuarioA->consultaGComentarios()
#5 C:\xampp\htdocs\HalconesDeLosOfertones\system\CodeIgniter.php(404): CodeIgniter\CodeIgniter->runController(Object(App\Controllers\AdminUsuarioA))
#6 C:\xampp\htdocs\HalconesDeLosOfertones\system\CodeIgniter.php(312): CodeIgniter\CodeIgniter->handleRequest(NULL, Object(Config\Cache), false)
#7 C:\xampp\htdocs\HalconesDeLosOfertones\index.php(45): CodeIgniter\CodeIgniter->run()
#8 {main}
CRITICAL - 2020-12-10 19:31:36 --> Invalid argument supplied for foreach()
#0 C:\xampp\htdocs\HalconesDeLosOfertones\app\Views\vistaCupones.php(17): CodeIgniter\Debug\Exceptions->errorHandler(2, 'Invalid argumen...', 'C:\\xampp\\htdocs...', 17, Array)
#1 C:\xampp\htdocs\HalconesDeLosOfertones\system\View\View.php(246): include('C:\\xampp\\htdocs...')
#2 C:\xampp\htdocs\HalconesDeLosOfertones\system\Common.php(1119): CodeIgniter\View\View->render('vistaCupones', Array, true)
#3 C:\xampp\htdocs\HalconesDeLosOfertones\app\Controllers\AdminUsuarioA.php(246): view('vistaCupones', Array)
#4 C:\xampp\htdocs\HalconesDeLosOfertones\system\CodeIgniter.php(918): App\Controllers\AdminUsuarioA->consultaGComentarios()
#5 C:\xampp\htdocs\HalconesDeLosOfertones\system\CodeIgniter.php(404): CodeIgniter\CodeIgniter->runController(Object(App\Controllers\AdminUsuarioA))
#6 C:\xampp\htdocs\HalconesDeLosOfertones\system\CodeIgniter.php(312): CodeIgniter\CodeIgniter->handleRequest(NULL, Object(Config\Cache), false)
#7 C:\xampp\htdocs\HalconesDeLosOfertones\index.php(45): CodeIgniter\CodeIgniter->run()
#8 {main}
CRITICAL - 2020-12-10 20:54:01 --> Cannot redeclare App\Controllers\AdminUsuarioA::consultaGC()
#0 [internal function]: CodeIgniter\Debug\Exceptions->shutdownHandler()
#1 {main}
CRITICAL - 2020-12-10 20:56:52 --> Invalid argument supplied for foreach()
#0 C:\xampp\htdocs\HalconesDeLosOfertones\app\Views\vistaCupones.php(17): CodeIgniter\Debug\Exceptions->errorHandler(2, 'Invalid argumen...', 'C:\\xampp\\htdocs...', 17, Array)
#1 C:\xampp\htdocs\HalconesDeLosOfertones\system\View\View.php(246): include('C:\\xampp\\htdocs...')
#2 C:\xampp\htdocs\HalconesDeLosOfertones\system\Common.php(1119): CodeIgniter\View\View->render('vistaCupones', Array, true)
#3 C:\xampp\htdocs\HalconesDeLosOfertones\app\Controllers\AdminUsuarioA.php(245): view('vistaCupones', Array)
#4 C:\xampp\htdocs\HalconesDeLosOfertones\system\CodeIgniter.php(918): App\Controllers\AdminUsuarioA->consultaGComentarios()
#5 C:\xampp\htdocs\HalconesDeLosOfertones\system\CodeIgniter.php(404): CodeIgniter\CodeIgniter->runController(Object(App\Controllers\AdminUsuarioA))
#6 C:\xampp\htdocs\HalconesDeLosOfertones\system\CodeIgniter.php(312): CodeIgniter\CodeIgniter->handleRequest(NULL, Object(Config\Cache), false)
#7 C:\xampp\htdocs\HalconesDeLosOfertones\index.php(45): CodeIgniter\CodeIgniter->run()
#8 {main}
CRITICAL - 2020-12-10 20:57:35 --> Invalid argument supplied for foreach()
#0 C:\xampp\htdocs\HalconesDeLosOfertones\app\Views\vistaCupones.php(17): CodeIgniter\Debug\Exceptions->errorHandler(2, 'Invalid argumen...', 'C:\\xampp\\htdocs...', 17, Array)
#1 C:\xampp\htdocs\HalconesDeLosOfertones\system\View\View.php(246): include('C:\\xampp\\htdocs...')
#2 C:\xampp\htdocs\HalconesDeLosOfertones\system\Common.php(1119): CodeIgniter\View\View->render('vistaCupones', Array, true)
#3 C:\xampp\htdocs\HalconesDeLosOfertones\app\Controllers\AdminUsuarioA.php(245): view('vistaCupones', Array)
#4 C:\xampp\htdocs\HalconesDeLosOfertones\system\CodeIgniter.php(918): App\Controllers\AdminUsuarioA->consultaGComentarios()
#5 C:\xampp\htdocs\HalconesDeLosOfertones\system\CodeIgniter.php(404): CodeIgniter\CodeIgniter->runController(Object(App\Controllers\AdminUsuarioA))
#6 C:\xampp\htdocs\HalconesDeLosOfertones\system\CodeIgniter.php(312): CodeIgniter\CodeIgniter->handleRequest(NULL, Object(Config\Cache), false)
#7 C:\xampp\htdocs\HalconesDeLosOfertones\index.php(45): CodeIgniter\CodeIgniter->run()
#8 {main}
CRITICAL - 2020-12-10 20:57:36 --> Invalid argument supplied for foreach()
#0 C:\xampp\htdocs\HalconesDeLosOfertones\app\Views\vistaCupones.php(17): CodeIgniter\Debug\Exceptions->errorHandler(2, 'Invalid argumen...', 'C:\\xampp\\htdocs...', 17, Array)
#1 C:\xampp\htdocs\HalconesDeLosOfertones\system\View\View.php(246): include('C:\\xampp\\htdocs...')
#2 C:\xampp\htdocs\HalconesDeLosOfertones\system\Common.php(1119): CodeIgniter\View\View->render('vistaCupones', Array, true)
#3 C:\xampp\htdocs\HalconesDeLosOfertones\app\Controllers\AdminUsuarioA.php(245): view('vistaCupones', Array)
#4 C:\xampp\htdocs\HalconesDeLosOfertones\system\CodeIgniter.php(918): App\Controllers\AdminUsuarioA->consultaGComentarios()
#5 C:\xampp\htdocs\HalconesDeLosOfertones\system\CodeIgniter.php(404): CodeIgniter\CodeIgniter->runController(Object(App\Controllers\AdminUsuarioA))
#6 C:\xampp\htdocs\HalconesDeLosOfertones\system\CodeIgniter.php(312): CodeIgniter\CodeIgniter->handleRequest(NULL, Object(Config\Cache), false)
#7 C:\xampp\htdocs\HalconesDeLosOfertones\index.php(45): CodeIgniter\CodeIgniter->run()
#8 {main}
CRITICAL - 2020-12-10 20:57:36 --> Invalid argument supplied for foreach()
#0 C:\xampp\htdocs\HalconesDeLosOfertones\app\Views\vistaCupones.php(17): CodeIgniter\Debug\Exceptions->errorHandler(2, 'Invalid argumen...', 'C:\\xampp\\htdocs...', 17, Array)
#1 C:\xampp\htdocs\HalconesDeLosOfertones\system\View\View.php(246): include('C:\\xampp\\htdocs...')
#2 C:\xampp\htdocs\HalconesDeLosOfertones\system\Common.php(1119): CodeIgniter\View\View->render('vistaCupones', Array, true)
#3 C:\xampp\htdocs\HalconesDeLosOfertones\app\Controllers\AdminUsuarioA.php(245): view('vistaCupones', Array)
#4 C:\xampp\htdocs\HalconesDeLosOfertones\system\CodeIgniter.php(918): App\Controllers\AdminUsuarioA->consultaGComentarios()
#5 C:\xampp\htdocs\HalconesDeLosOfertones\system\CodeIgniter.php(404): CodeIgniter\CodeIgniter->runController(Object(App\Controllers\AdminUsuarioA))
#6 C:\xampp\htdocs\HalconesDeLosOfertones\system\CodeIgniter.php(312): CodeIgniter\CodeIgniter->handleRequest(NULL, Object(Config\Cache), false)
#7 C:\xampp\htdocs\HalconesDeLosOfertones\index.php(45): CodeIgniter\CodeIgniter->run()
#8 {main}
CRITICAL - 2020-12-10 20:57:36 --> Invalid argument supplied for foreach()
#0 C:\xampp\htdocs\HalconesDeLosOfertones\app\Views\vistaCupones.php(17): CodeIgniter\Debug\Exceptions->errorHandler(2, 'Invalid argumen...', 'C:\\xampp\\htdocs...', 17, Array)
#1 C:\xampp\htdocs\HalconesDeLosOfertones\system\View\View.php(246): include('C:\\xampp\\htdocs...')
#2 C:\xampp\htdocs\HalconesDeLosOfertones\system\Common.php(1119): CodeIgniter\View\View->render('vistaCupones', Array, true)
#3 C:\xampp\htdocs\HalconesDeLosOfertones\app\Controllers\AdminUsuarioA.php(245): view('vistaCupones', Array)
#4 C:\xampp\htdocs\HalconesDeLosOfertones\system\CodeIgniter.php(918): App\Controllers\AdminUsuarioA->consultaGComentarios()
#5 C:\xampp\htdocs\HalconesDeLosOfertones\system\CodeIgniter.php(404): CodeIgniter\CodeIgniter->runController(Object(App\Controllers\AdminUsuarioA))
#6 C:\xampp\htdocs\HalconesDeLosOfertones\system\CodeIgniter.php(312): CodeIgniter\CodeIgniter->handleRequest(NULL, Object(Config\Cache), false)
#7 C:\xampp\htdocs\HalconesDeLosOfertones\index.php(45): CodeIgniter\CodeIgniter->run()
#8 {main}
CRITICAL - 2020-12-10 20:57:36 --> Invalid argument supplied for foreach()
#0 C:\xampp\htdocs\HalconesDeLosOfertones\app\Views\vistaCupones.php(17): CodeIgniter\Debug\Exceptions->errorHandler(2, 'Invalid argumen...', 'C:\\xampp\\htdocs...', 17, Array)
#1 C:\xampp\htdocs\HalconesDeLosOfertones\system\View\View.php(246): include('C:\\xampp\\htdocs...')
#2 C:\xampp\htdocs\HalconesDeLosOfertones\system\Common.php(1119): CodeIgniter\View\View->render('vistaCupones', Array, true)
#3 C:\xampp\htdocs\HalconesDeLosOfertones\app\Controllers\AdminUsuarioA.php(245): view('vistaCupones', Array)
#4 C:\xampp\htdocs\HalconesDeLosOfertones\system\CodeIgniter.php(918): App\Controllers\AdminUsuarioA->consultaGComentarios()
#5 C:\xampp\htdocs\HalconesDeLosOfertones\system\CodeIgniter.php(404): CodeIgniter\CodeIgniter->runController(Object(App\Controllers\AdminUsuarioA))
#6 C:\xampp\htdocs\HalconesDeLosOfertones\system\CodeIgniter.php(312): CodeIgniter\CodeIgniter->handleRequest(NULL, Object(Config\Cache), false)
#7 C:\xampp\htdocs\HalconesDeLosOfertones\index.php(45): CodeIgniter\CodeIgniter->run()
#8 {main}
CRITICAL - 2020-12-10 22:55:36 --> Call to a member function where() on null
#0 C:\xampp\htdocs\HalconesDeLosOfertones\system\CodeIgniter.php(918): App\Controllers\AdminUsuarioA->actualizarComentarios()
#1 C:\xampp\htdocs\HalconesDeLosOfertones\system\CodeIgniter.php(404): CodeIgniter\CodeIgniter->runController(Object(App\Controllers\AdminUsuarioA))
#2 C:\xampp\htdocs\HalconesDeLosOfertones\system\CodeIgniter.php(312): CodeIgniter\CodeIgniter->handleRequest(NULL, Object(Config\Cache), false)
#3 C:\xampp\htdocs\HalconesDeLosOfertones\index.php(45): CodeIgniter\CodeIgniter->run()
#4 {main}
CRITICAL - 2020-12-10 22:57:06 --> Call to a member function where() on null
#0 C:\xampp\htdocs\HalconesDeLosOfertones\system\CodeIgniter.php(918): App\Controllers\AdminUsuarioA->actualizarComentarios()
#1 C:\xampp\htdocs\HalconesDeLosOfertones\system\CodeIgniter.php(404): CodeIgniter\CodeIgniter->runController(Object(App\Controllers\AdminUsuarioA))
#2 C:\xampp\htdocs\HalconesDeLosOfertones\system\CodeIgniter.php(312): CodeIgniter\CodeIgniter->handleRequest(NULL, Object(Config\Cache), false)
#3 C:\xampp\htdocs\HalconesDeLosOfertones\index.php(45): CodeIgniter\CodeIgniter->run()
#4 {main}
CRITICAL - 2020-12-10 22:57:51 --> Call to a member function where() on null
#0 C:\xampp\htdocs\HalconesDeLosOfertones\system\CodeIgniter.php(918): App\Controllers\AdminUsuarioA->actualizarComentarios()
#1 C:\xampp\htdocs\HalconesDeLosOfertones\system\CodeIgniter.php(404): CodeIgniter\CodeIgniter->runController(Object(App\Controllers\AdminUsuarioA))
#2 C:\xampp\htdocs\HalconesDeLosOfertones\system\CodeIgniter.php(312): CodeIgniter\CodeIgniter->handleRequest(NULL, Object(Config\Cache), false)
#3 C:\xampp\htdocs\HalconesDeLosOfertones\index.php(45): CodeIgniter\CodeIgniter->run()
#4 {main}
CRITICAL - 2020-12-10 22:58:27 --> Call to a member function where() on null
#0 C:\xampp\htdocs\HalconesDeLosOfertones\system\CodeIgniter.php(918): App\Controllers\AdminUsuarioA->actualizarComentarios()
#1 C:\xampp\htdocs\HalconesDeLosOfertones\system\CodeIgniter.php(404): CodeIgniter\CodeIgniter->runController(Object(App\Controllers\AdminUsuarioA))
#2 C:\xampp\htdocs\HalconesDeLosOfertones\system\CodeIgniter.php(312): CodeIgniter\CodeIgniter->handleRequest(NULL, Object(Config\Cache), false)
#3 C:\xampp\htdocs\HalconesDeLosOfertones\index.php(45): CodeIgniter\CodeIgniter->run()
#4 {main}
CRITICAL - 2020-12-10 23:01:12 --> Call to a member function where() on null
#0 C:\xampp\htdocs\HalconesDeLosOfertones\system\CodeIgniter.php(918): App\Controllers\AdminUsuarioA->actualizarComentarios()
#1 C:\xampp\htdocs\HalconesDeLosOfertones\system\CodeIgniter.php(404): CodeIgniter\CodeIgniter->runController(Object(App\Controllers\AdminUsuarioA))
#2 C:\xampp\htdocs\HalconesDeLosOfertones\system\CodeIgniter.php(312): CodeIgniter\CodeIgniter->handleRequest(NULL, Object(Config\Cache), false)
#3 C:\xampp\htdocs\HalconesDeLosOfertones\index.php(45): CodeIgniter\CodeIgniter->run()
#4 {main}
CRITICAL - 2020-12-10 23:04:31 --> Call to a member function where() on null
#0 C:\xampp\htdocs\HalconesDeLosOfertones\system\CodeIgniter.php(918): App\Controllers\AdminUsuarioA->actualizarComentarios()
#1 C:\xampp\htdocs\HalconesDeLosOfertones\system\CodeIgniter.php(404): CodeIgniter\CodeIgniter->runController(Object(App\Controllers\AdminUsuarioA))
#2 C:\xampp\htdocs\HalconesDeLosOfertones\system\CodeIgniter.php(312): CodeIgniter\CodeIgniter->handleRequest(NULL, Object(Config\Cache), false)
#3 C:\xampp\htdocs\HalconesDeLosOfertones\index.php(45): CodeIgniter\CodeIgniter->run()
#4 {main}
